<?xml version="1.0" encoding="UTF-8"?>
<!-- Generated by org.testng.reporters.JUnitReportReporter -->
<testsuite hostname="LAPTOP-26PJVVVC" name="amazon.selenium.script.Verifyvalidlogin" tests="1" failures="0" timestamp="8 Jan 2019 10:50:43 GMT" time="183.978" errors="0">
  <testcase name="verifyvalidlogin" time="183.978" classname="amazon.selenium.script.Verifyvalidlogin"/>
</testsuite> <!-- amazon.selenium.script.Verifyvalidlogin -->
